Device     : cuda
Schedule   : quadratic
Checkpoint : /root/NoiseSchedule/checkpoints_repaint_quadratic/best_model_quadratic.pt
Output dir : /root/NoiseSchedule/model_quadratic_300_results
Loaded checkpoint (epoch 161), T=1000, schedule=quadratic

[Run 1/10]  val sample=0, seed=1
  Saved: /root/NoiseSchedule/model_quadratic_300_results/result_01.png  (RMSE=0.0877)

[Run 2/10]  val sample=1, seed=8
  Saved: /root/NoiseSchedule/model_quadratic_300_results/result_02.png  (RMSE=0.1335)

[Run 3/10]  val sample=2, seed=15
  Saved: /root/NoiseSchedule/model_quadratic_300_results/result_03.png  (RMSE=0.1450)

[Run 4/10]  val sample=3, seed=22
  Saved: /root/NoiseSchedule/model_quadratic_300_results/result_04.png  (RMSE=0.0511)

[Run 5/10]  val sample=4, seed=29
  Saved: /root/NoiseSchedule/model_quadratic_300_results/result_05.png  (RMSE=0.1388)

[Run 6/10]  val sample=5, seed=36
  Saved: /root/NoiseSchedule/model_quadratic_300_results/result_06.png  (RMSE=0.1260)

[Run 7/10]  val sample=6, seed=43
  Saved: /root/NoiseSchedule/model_quadratic_300_results/result_07.png  (RMSE=0.0563)

[Run 8/10]  val sample=7, seed=50
  Saved: /root/NoiseSchedule/model_quadratic_300_results/result_08.png  (RMSE=0.1739)

[Run 9/10]  val sample=8, seed=57
  Saved: /root/NoiseSchedule/model_quadratic_300_results/result_09.png  (RMSE=0.1163)

[Run 10/10]  val sample=9, seed=64
  Saved: /root/NoiseSchedule/model_quadratic_300_results/result_10.png  (RMSE=0.4539)

All done.
RMSE per run : ['0.0877', '0.1335', '0.1450', '0.0511', '0.1388', '0.1260', '0.0563', '0.1739', '0.1163', '0.4539']
Mean RMSE    : 0.1483   Std: 0.1084
