Device     : cuda
Cond mode  : voronoi
Checkpoint : /root/ocean_diffusion/Conditional DDPM/checkpoints_voronoi/best_cond_ddpm_voronoi_cosine.pt
Output dir : /root/ocean_diffusion/Conditional DDPM/results_voronoi
Val set size: 1965  |  samples: [1663, 1598, 1246, 1000, 528, 80, 32, 603, 344, 147]
Loaded checkpoint  epoch=278  val_loss=0.00330
  [ 1/10]  sample=1663  seed=1  RMSE=0.1307
  [ 2/10]  sample=1598  seed=2  RMSE=0.1843
  [ 3/10]  sample=1246  seed=3  RMSE=0.0529
  [ 4/10]  sample=1000  seed=4  RMSE=0.0824
  [ 5/10]  sample=528  seed=5  RMSE=0.1193
  [ 6/10]  sample=80  seed=6  RMSE=0.1652
  [ 7/10]  sample=32  seed=7  RMSE=0.1162
  [ 8/10]  sample=603  seed=8  RMSE=0.1640
  [ 9/10]  sample=344  seed=9  RMSE=0.1073
  [10/10]  sample=147  seed=10  RMSE=0.1485

────────────────────────────────────────────────
  Mean RMSE : 0.1271  ±0.0383
────────────────────────────────────────────────

Plots saved to: /root/ocean_diffusion/Conditional DDPM/results_voronoi
Summary bar chart: /root/ocean_diffusion/Conditional DDPM/results_voronoi/rmse_summary.png
