Device : cuda
VoronoiNet parameters : 13,923,144
Grid size             : 94 x 44
Sensor mode           : walk
Path steps            : 150
Epoch    1/100 | train=0.00964 | val=0.00547
Epoch    2/100 | train=0.00510 | val=0.00503
Epoch    3/100 | train=0.00464 | val=0.00444
Epoch    4/100 | train=0.00427 | val=0.00476
Epoch    5/100 | train=0.00412 | val=0.00498
Epoch    6/100 | train=0.00381 | val=0.00370
Epoch    7/100 | train=0.00373 | val=0.00374
Epoch    8/100 | train=0.00384 | val=0.00384
Epoch    9/100 | train=0.00379 | val=0.00447
Epoch   10/100 | train=0.00355 | val=0.00337
Epoch   11/100 | train=0.00347 | val=0.00303
Epoch   12/100 | train=0.00354 | val=0.00335
Epoch   13/100 | train=0.00335 | val=0.00389
Epoch   14/100 | train=0.00353 | val=0.00354
Epoch   15/100 | train=0.00339 | val=0.00396
Epoch   16/100 | train=0.00338 | val=0.00416
Epoch   17/100 | train=0.00323 | val=0.00329
Epoch   18/100 | train=0.00307 | val=0.00355
Epoch   19/100 | train=0.00322 | val=0.00371
Epoch   20/100 | train=0.00318 | val=0.00353
Epoch   21/100 | train=0.00319 | val=0.00332
Epoch   22/100 | train=0.00307 | val=0.00292
Epoch   23/100 | train=0.00306 | val=0.00387
Epoch   24/100 | train=0.00311 | val=0.00358
Epoch   25/100 | train=0.00310 | val=0.00331
Epoch   26/100 | train=0.00306 | val=0.00316
Epoch   27/100 | train=0.00296 | val=0.00297
Epoch   28/100 | train=0.00300 | val=0.00323
Epoch   29/100 | train=0.00310 | val=0.00334
Epoch   30/100 | train=0.00304 | val=0.00303
Epoch   31/100 | train=0.00291 | val=0.00283
Epoch   32/100 | train=0.00307 | val=0.00341
Epoch   33/100 | train=0.00282 | val=0.00306
Epoch   34/100 | train=0.00273 | val=0.00288
Epoch   35/100 | train=0.00285 | val=0.00327
Epoch   36/100 | train=0.00315 | val=0.00324
Epoch   37/100 | train=0.00296 | val=0.00315
Epoch   38/100 | train=0.00292 | val=0.00298
Epoch   39/100 | train=0.00280 | val=0.00305
Epoch   40/100 | train=0.00284 | val=0.00282
Epoch   41/100 | train=0.00261 | val=0.00287
Epoch   42/100 | train=0.00280 | val=0.00277
Epoch   43/100 | train=0.00272 | val=0.00275
Epoch   44/100 | train=0.00271 | val=0.00280
Epoch   45/100 | train=0.00259 | val=0.00282
Epoch   46/100 | train=0.00285 | val=0.00260
Epoch   47/100 | train=0.00254 | val=0.00272
Epoch   48/100 | train=0.00273 | val=0.00298
Epoch   49/100 | train=0.00262 | val=0.00355
Epoch   50/100 | train=0.00278 | val=0.00293
Epoch   51/100 | train=0.00280 | val=0.00263
Epoch   52/100 | train=0.00257 | val=0.00313
Epoch   53/100 | train=0.00259 | val=0.00248
Epoch   54/100 | train=0.00252 | val=0.00245
Epoch   55/100 | train=0.00250 | val=0.00261
Epoch   56/100 | train=0.00252 | val=0.00243
Epoch   57/100 | train=0.00259 | val=0.00285
Epoch   58/100 | train=0.00245 | val=0.00275
Epoch   59/100 | train=0.00245 | val=0.00256
Epoch   60/100 | train=0.00256 | val=0.00281
Epoch   61/100 | train=0.00240 | val=0.00242
Epoch   62/100 | train=0.00258 | val=0.00272
Epoch   63/100 | train=0.00239 | val=0.00269
Epoch   64/100 | train=0.00239 | val=0.00263
Epoch   65/100 | train=0.00256 | val=0.00257
Epoch   66/100 | train=0.00238 | val=0.00266
Epoch   67/100 | train=0.00246 | val=0.00223
Epoch   68/100 | train=0.00237 | val=0.00289
Epoch   69/100 | train=0.00246 | val=0.00273
Epoch   70/100 | train=0.00244 | val=0.00248
Epoch   71/100 | train=0.00229 | val=0.00255
Epoch   72/100 | train=0.00237 | val=0.00259
Epoch   73/100 | train=0.00242 | val=0.00261
Epoch   74/100 | train=0.00241 | val=0.00261
Epoch   75/100 | train=0.00238 | val=0.00248
Epoch   76/100 | train=0.00231 | val=0.00238
Epoch   77/100 | train=0.00248 | val=0.00239
Epoch   78/100 | train=0.00248 | val=0.00235
Epoch   79/100 | train=0.00239 | val=0.00249
Epoch   80/100 | train=0.00247 | val=0.00256
Epoch   81/100 | train=0.00239 | val=0.00257
Epoch   82/100 | train=0.00234 | val=0.00240
Epoch   83/100 | train=0.00232 | val=0.00251
Epoch   84/100 | train=0.00235 | val=0.00241
Epoch   85/100 | train=0.00227 | val=0.00252
Epoch   86/100 | train=0.00234 | val=0.00260
Epoch   87/100 | train=0.00223 | val=0.00246
Epoch   88/100 | train=0.00228 | val=0.00260
Epoch   89/100 | train=0.00220 | val=0.00247
Epoch   90/100 | train=0.00227 | val=0.00212
Epoch   91/100 | train=0.00240 | val=0.00238
Epoch   92/100 | train=0.00233 | val=0.00288
Epoch   93/100 | train=0.00229 | val=0.00211
Epoch   94/100 | train=0.00217 | val=0.00239
Epoch   95/100 | train=0.00225 | val=0.00257
Epoch   96/100 | train=0.00237 | val=0.00262
Epoch   97/100 | train=0.00222 | val=0.00268
Epoch   98/100 | train=0.00223 | val=0.00300
Epoch   99/100 | train=0.00211 | val=0.00265
Epoch  100/100 | train=0.00240 | val=0.00252
Training complete.  Best val loss: 0.00211
