Device     : cuda
Schedule   : sigmoid
Checkpoint : /root/NoiseSchedule/checkpoints_repaint_sigmoid/best_model_sigmoid.pt
Output dir : /root/NoiseSchedule/model_sigmoid_results
Loaded checkpoint (epoch 90), T=1000, schedule=sigmoid

[Run 1/10]  val sample=0, seed=1
  Saved: /root/NoiseSchedule/model_sigmoid_results/result_01.png  (RMSE=0.1316)

[Run 2/10]  val sample=1, seed=8
  Saved: /root/NoiseSchedule/model_sigmoid_results/result_02.png  (RMSE=0.1899)

[Run 3/10]  val sample=2, seed=15
  Saved: /root/NoiseSchedule/model_sigmoid_results/result_03.png  (RMSE=0.1918)

[Run 4/10]  val sample=3, seed=22
  Saved: /root/NoiseSchedule/model_sigmoid_results/result_04.png  (RMSE=0.0677)

[Run 5/10]  val sample=4, seed=29
  Saved: /root/NoiseSchedule/model_sigmoid_results/result_05.png  (RMSE=0.1534)

[Run 6/10]  val sample=5, seed=36
  Saved: /root/NoiseSchedule/model_sigmoid_results/result_06.png  (RMSE=0.2528)

[Run 7/10]  val sample=6, seed=43
  Saved: /root/NoiseSchedule/model_sigmoid_results/result_07.png  (RMSE=0.1183)

[Run 8/10]  val sample=7, seed=50
  Saved: /root/NoiseSchedule/model_sigmoid_results/result_08.png  (RMSE=0.1052)

[Run 9/10]  val sample=8, seed=57
  Saved: /root/NoiseSchedule/model_sigmoid_results/result_09.png  (RMSE=0.0488)

[Run 10/10]  val sample=9, seed=64
  Saved: /root/NoiseSchedule/model_sigmoid_results/result_10.png  (RMSE=0.0979)

All done.
RMSE per run : ['0.1316', '0.1899', '0.1918', '0.0677', '0.1534', '0.2528', '0.1183', '0.1052', '0.0488', '0.0979']
Mean RMSE    : 0.1357   Std: 0.0591
