Device     : cuda
Cond mode  : path_field
Checkpoint : Conditional DDPM/models/best_cond_ddpm_path_field_cosine.pt
Output dir : Conditional DDPM/results/results_path_field
Val set size: 1965  |  samples: [1663, 1598, 1246, 1000, 528, 80, 32, 603, 344, 147]
Loaded checkpoint  epoch=217  val_loss=0.00333
  [ 1/10]  sample=1663  seed=1  RMSE=0.1442
  [ 2/10]  sample=1598  seed=2  RMSE=0.1863
  [ 3/10]  sample=1246  seed=3  RMSE=0.0808
  [ 4/10]  sample=1000  seed=4  RMSE=0.1005
  [ 5/10]  sample=528  seed=5  RMSE=0.2051
  [ 6/10]  sample=80  seed=6  RMSE=0.1239
  [ 7/10]  sample=32  seed=7  RMSE=0.1168
  [ 8/10]  sample=603  seed=8  RMSE=0.1086
  [ 9/10]  sample=344  seed=9  RMSE=0.0955
  [10/10]  sample=147  seed=10  RMSE=0.1403

────────────────────────────────────────────────
  Mean RMSE : 0.1302  ±0.0378
────────────────────────────────────────────────

Plots saved to: Conditional DDPM/results/results_path_field
Summary bar chart: Conditional DDPM/results/results_path_field/rmse_summary.png
