Device     : cuda
Schedule   : cosine
Checkpoint : /root/NoiseSchedule/checkpoints_repaint_cosine/best_model_cosine.pt
Output dir : /root/NoiseSchedule/model_cosine_results
Loaded checkpoint (epoch 100), T=1000, schedule=cosine

[Run 1/10]  val sample=0, seed=1
  Saved: /root/NoiseSchedule/model_cosine_results/result_01.png  (RMSE=0.0845)

[Run 2/10]  val sample=1, seed=8
  Saved: /root/NoiseSchedule/model_cosine_results/result_02.png  (RMSE=0.2156)

[Run 3/10]  val sample=2, seed=15
  Saved: /root/NoiseSchedule/model_cosine_results/result_03.png  (RMSE=0.2307)

[Run 4/10]  val sample=3, seed=22
  Saved: /root/NoiseSchedule/model_cosine_results/result_04.png  (RMSE=0.1914)

[Run 5/10]  val sample=4, seed=29
  Saved: /root/NoiseSchedule/model_cosine_results/result_05.png  (RMSE=0.0954)

[Run 6/10]  val sample=5, seed=36
  Saved: /root/NoiseSchedule/model_cosine_results/result_06.png  (RMSE=0.2764)

[Run 7/10]  val sample=6, seed=43
  Saved: /root/NoiseSchedule/model_cosine_results/result_07.png  (RMSE=0.1164)

[Run 8/10]  val sample=7, seed=50
  Saved: /root/NoiseSchedule/model_cosine_results/result_08.png  (RMSE=0.1699)

[Run 9/10]  val sample=8, seed=57
  Saved: /root/NoiseSchedule/model_cosine_results/result_09.png  (RMSE=0.1487)

[Run 10/10]  val sample=9, seed=64
  Saved: /root/NoiseSchedule/model_cosine_results/result_10.png  (RMSE=0.1630)

All done.
RMSE per run : ['0.0845', '0.2156', '0.2307', '0.1914', '0.0954', '0.2764', '0.1164', '0.1699', '0.1487', '0.1630']
Mean RMSE    : 0.1692   Std: 0.0581
