Device     : cuda
Schedule   : cosine_s0001
Checkpoint : /root/NoiseSchedule/checkpoints_repaint_cosine_s0001/best_model_cosine_s0001.pt
Output dir : /root/NoiseSchedule/model_cosine_s0001_results
Loaded checkpoint (epoch 263), T=1000, schedule=cosine_s0001

[Run 1/10]  val sample=0, seed=1
  Saved: /root/NoiseSchedule/model_cosine_s0001_results/result_01.png  (RMSE=0.0921)

[Run 2/10]  val sample=1, seed=8
  Saved: /root/NoiseSchedule/model_cosine_s0001_results/result_02.png  (RMSE=0.0783)

[Run 3/10]  val sample=2, seed=15
  Saved: /root/NoiseSchedule/model_cosine_s0001_results/result_03.png  (RMSE=0.1668)

[Run 4/10]  val sample=3, seed=22
  Saved: /root/NoiseSchedule/model_cosine_s0001_results/result_04.png  (RMSE=0.0599)

[Run 5/10]  val sample=4, seed=29
  Saved: /root/NoiseSchedule/model_cosine_s0001_results/result_05.png  (RMSE=0.1408)

[Run 6/10]  val sample=5, seed=36
  Saved: /root/NoiseSchedule/model_cosine_s0001_results/result_06.png  (RMSE=0.1006)

[Run 7/10]  val sample=6, seed=43
  Saved: /root/NoiseSchedule/model_cosine_s0001_results/result_07.png  (RMSE=0.1017)

[Run 8/10]  val sample=7, seed=50
  Saved: /root/NoiseSchedule/model_cosine_s0001_results/result_08.png  (RMSE=0.0845)

[Run 9/10]  val sample=8, seed=57
  Saved: /root/NoiseSchedule/model_cosine_s0001_results/result_09.png  (RMSE=0.2234)

[Run 10/10]  val sample=9, seed=64
  Saved: /root/NoiseSchedule/model_cosine_s0001_results/result_10.png  (RMSE=0.4050)

All done.
RMSE per run : ['0.0921', '0.0783', '0.1668', '0.0599', '0.1408', '0.1006', '0.1017', '0.0845', '0.2234', '0.4050']
Mean RMSE    : 0.1453   Std: 0.0981
