Device     : cuda
Schedule   : cosine
Checkpoint : /root/NoiseSchedule/checkpoints_repaint_cosine/best_model_cosine.pt
Output dir : /root/NoiseSchedule/model_cosine_results
Loaded checkpoint (epoch 207), T=1000, schedule=cosine

[Run 1/10]  val sample=0, seed=1
  Saved: /root/NoiseSchedule/model_cosine_results/result_01.png  (RMSE=0.1120)

[Run 2/10]  val sample=1, seed=8
  Saved: /root/NoiseSchedule/model_cosine_results/result_02.png  (RMSE=0.1040)

[Run 3/10]  val sample=2, seed=15
  Saved: /root/NoiseSchedule/model_cosine_results/result_03.png  (RMSE=0.1826)

[Run 4/10]  val sample=3, seed=22
  Saved: /root/NoiseSchedule/model_cosine_results/result_04.png  (RMSE=0.0727)

[Run 5/10]  val sample=4, seed=29
  Saved: /root/NoiseSchedule/model_cosine_results/result_05.png  (RMSE=0.1614)

[Run 6/10]  val sample=5, seed=36
  Saved: /root/NoiseSchedule/model_cosine_results/result_06.png  (RMSE=0.1746)

[Run 7/10]  val sample=6, seed=43
  Saved: /root/NoiseSchedule/model_cosine_results/result_07.png  (RMSE=0.1408)

[Run 8/10]  val sample=7, seed=50
  Saved: /root/NoiseSchedule/model_cosine_results/result_08.png  (RMSE=0.1126)

[Run 9/10]  val sample=8, seed=57
  Saved: /root/NoiseSchedule/model_cosine_results/result_09.png  (RMSE=0.1811)

[Run 10/10]  val sample=9, seed=64
  Saved: /root/NoiseSchedule/model_cosine_results/result_10.png  (RMSE=0.1424)

All done.
RMSE per run : ['0.1120', '0.1040', '0.1826', '0.0727', '0.1614', '0.1746', '0.1408', '0.1126', '0.1811', '0.1424']
Mean RMSE    : 0.1384   Std: 0.0353
