Device     : cuda
Schedule   : linear
Checkpoint : /root/NoiseSchedule/checkpoints_repaint_linear/best_model_linear.pt
Output dir : /root/NoiseSchedule/model_linear_results
Loaded checkpoint (epoch 90), T=1000, schedule=linear

[Run 1/10]  val sample=0, seed=1
  Saved: /root/NoiseSchedule/model_linear_results/result_01.png  (RMSE=0.1466)

[Run 2/10]  val sample=1, seed=8
  Saved: /root/NoiseSchedule/model_linear_results/result_02.png  (RMSE=0.1984)

[Run 3/10]  val sample=2, seed=15
  Saved: /root/NoiseSchedule/model_linear_results/result_03.png  (RMSE=0.1822)

[Run 4/10]  val sample=3, seed=22
  Saved: /root/NoiseSchedule/model_linear_results/result_04.png  (RMSE=0.0834)

[Run 5/10]  val sample=4, seed=29
  Saved: /root/NoiseSchedule/model_linear_results/result_05.png  (RMSE=0.1620)

[Run 6/10]  val sample=5, seed=36
  Saved: /root/NoiseSchedule/model_linear_results/result_06.png  (RMSE=0.5267)

[Run 7/10]  val sample=6, seed=43
  Saved: /root/NoiseSchedule/model_linear_results/result_07.png  (RMSE=0.1196)

[Run 8/10]  val sample=7, seed=50
  Saved: /root/NoiseSchedule/model_linear_results/result_08.png  (RMSE=0.1453)

[Run 9/10]  val sample=8, seed=57
  Saved: /root/NoiseSchedule/model_linear_results/result_09.png  (RMSE=0.1931)

[Run 10/10]  val sample=9, seed=64
  Saved: /root/NoiseSchedule/model_linear_results/result_10.png  (RMSE=0.6395)

All done.
RMSE per run : ['0.1466', '0.1984', '0.1822', '0.0834', '0.1620', '0.5267', '0.1196', '0.1453', '0.1931', '0.6395']
Mean RMSE    : 0.2397   Std: 0.1766
