Device     : cuda
Schedule   : geometric
Checkpoint : /root/NoiseSchedule/checkpoints_repaint_geometric/best_model_geometric.pt
Output dir : /root/NoiseSchedule/model_geometric_300_results
Loaded checkpoint (epoch 96), T=1000, schedule=geometric

[Run 1/10]  val sample=0, seed=1
  Saved: /root/NoiseSchedule/model_geometric_300_results/result_01.png  (RMSE=0.0954)

[Run 2/10]  val sample=1, seed=8
  Saved: /root/NoiseSchedule/model_geometric_300_results/result_02.png  (RMSE=0.5985)

[Run 3/10]  val sample=2, seed=15
  Saved: /root/NoiseSchedule/model_geometric_300_results/result_03.png  (RMSE=0.2920)

[Run 4/10]  val sample=3, seed=22
  Saved: /root/NoiseSchedule/model_geometric_300_results/result_04.png  (RMSE=0.5018)

[Run 5/10]  val sample=4, seed=29
  Saved: /root/NoiseSchedule/model_geometric_300_results/result_05.png  (RMSE=0.5260)

[Run 6/10]  val sample=5, seed=36
  Saved: /root/NoiseSchedule/model_geometric_300_results/result_06.png  (RMSE=0.7475)

[Run 7/10]  val sample=6, seed=43
  Saved: /root/NoiseSchedule/model_geometric_300_results/result_07.png  (RMSE=0.1071)

[Run 8/10]  val sample=7, seed=50
  Saved: /root/NoiseSchedule/model_geometric_300_results/result_08.png  (RMSE=0.3400)

[Run 9/10]  val sample=8, seed=57
  Saved: /root/NoiseSchedule/model_geometric_300_results/result_09.png  (RMSE=0.2682)

[Run 10/10]  val sample=9, seed=64
  Saved: /root/NoiseSchedule/model_geometric_300_results/result_10.png  (RMSE=0.8167)

All done.
RMSE per run : ['0.0954', '0.5985', '0.2920', '0.5018', '0.5260', '0.7475', '0.1071', '0.3400', '0.2682', '0.8167']
Mean RMSE    : 0.4293   Std: 0.2372
