Device      : cuda
Checkpoint  : Stride/checkpoints_linear/best_model_linear.pt
Strides     : [1, 5, 10, 20, 50]
N samples   : 10
Loaded      : epoch 147, val_loss=0.00019, schedule=linear, curl_div_weight=0.002, noise_std=0.11619

Sample 1/10  (test idx=0)
  stride=  1  (1000 steps)  RMSE=0.0987
  stride=  5  ( 200 steps)  RMSE=0.1110
  stride= 10  ( 100 steps)  RMSE=0.1007
  stride= 20  (  50 steps)  RMSE=0.0517
  stride= 50  (  20 steps)  RMSE=0.0631
    Saved: Stride/results/images_linear/result_01_all_strides.png

Sample 2/10  (test idx=1)
  stride=  1  (1000 steps)  RMSE=0.1042
  stride=  5  ( 200 steps)  RMSE=0.0652
  stride= 10  ( 100 steps)  RMSE=0.0467
  stride= 20  (  50 steps)  RMSE=0.0858
  stride= 50  (  20 steps)  RMSE=0.0764
    Saved: Stride/results/images_linear/result_02_all_strides.png

Sample 3/10  (test idx=2)
  stride=  1  (1000 steps)  RMSE=0.0579
  stride=  5  ( 200 steps)  RMSE=0.0815
  stride= 10  ( 100 steps)  RMSE=0.0890
  stride= 20  (  50 steps)  RMSE=0.0504
  stride= 50  (  20 steps)  RMSE=0.0771
    Saved: Stride/results/images_linear/result_03_all_strides.png

Sample 4/10  (test idx=3)
  stride=  1  (1000 steps)  RMSE=0.0576
  stride=  5  ( 200 steps)  RMSE=0.0678
  stride= 10  ( 100 steps)  RMSE=0.0501
  stride= 20  (  50 steps)  RMSE=0.0541
  stride= 50  (  20 steps)  RMSE=0.0528
    Saved: Stride/results/images_linear/result_04_all_strides.png

Sample 5/10  (test idx=4)
  stride=  1  (1000 steps)  RMSE=0.0555
  stride=  5  ( 200 steps)  RMSE=0.0427
  stride= 10  ( 100 steps)  RMSE=0.0536
  stride= 20  (  50 steps)  RMSE=0.0323
  stride= 50  (  20 steps)  RMSE=0.1059
    Saved: Stride/results/images_linear/result_05_all_strides.png

Sample 6/10  (test idx=5)
  stride=  1  (1000 steps)  RMSE=0.0981
  stride=  5  ( 200 steps)  RMSE=0.0962
  stride= 10  ( 100 steps)  RMSE=0.0837
  stride= 20  (  50 steps)  RMSE=0.0573
  stride= 50  (  20 steps)  RMSE=0.0960
    Saved: Stride/results/images_linear/result_06_all_strides.png

Sample 7/10  (test idx=6)
  stride=  1  (1000 steps)  RMSE=0.3642
  stride=  5  ( 200 steps)  RMSE=0.0466
  stride= 10  ( 100 steps)  RMSE=0.1143
  stride= 20  (  50 steps)  RMSE=0.1178
  stride= 50  (  20 steps)  RMSE=0.1224
    Saved: Stride/results/images_linear/result_07_all_strides.png

Sample 8/10  (test idx=7)
  stride=  1  (1000 steps)  RMSE=0.0644
  stride=  5  ( 200 steps)  RMSE=0.0401
  stride= 10  ( 100 steps)  RMSE=0.0685
  stride= 20  (  50 steps)  RMSE=0.0931
  stride= 50  (  20 steps)  RMSE=0.1007
    Saved: Stride/results/images_linear/result_08_all_strides.png

Sample 9/10  (test idx=8)
  stride=  1  (1000 steps)  RMSE=0.0593
  stride=  5  ( 200 steps)  RMSE=0.0764
  stride= 10  ( 100 steps)  RMSE=0.1918
  stride= 20  (  50 steps)  RMSE=0.0508
  stride= 50  (  20 steps)  RMSE=0.0436
    Saved: Stride/results/images_linear/result_09_all_strides.png

Sample 10/10  (test idx=9)
  stride=  1  (1000 steps)  RMSE=0.1964
  stride=  5  ( 200 steps)  RMSE=0.1719
  stride= 10  ( 100 steps)  RMSE=0.0717
  stride= 20  (  50 steps)  RMSE=0.1186
  stride= 50  (  20 steps)  RMSE=0.1747
    Saved: Stride/results/images_linear/result_10_all_strides.png

Geometric schedule stride comparison
Checkpoint       : Stride/checkpoints_linear/best_model_linear.pt
curl_div_weight  : 0.002
noise_std        : 0.11619
N samples  : 10
resample r : 10
path_steps : 150

  Stride   Steps   Mean RMSE       Std       Min       Max
--------------------------------------------------------
       1    1000      0.1156    0.0923    0.0555    0.3642
       5     200      0.0799    0.0376    0.0401    0.1719
      10     100      0.0870    0.0408    0.0467    0.1918
      20      50      0.0712    0.0289    0.0323    0.1186
      50      20      0.0913    0.0364    0.0436    0.1747

Per-sample breakdown:
  sample   0: s1=0.0987  s5=0.1110  s10=0.1007  s20=0.0517  s50=0.0631
  sample   1: s1=0.1042  s5=0.0652  s10=0.0467  s20=0.0858  s50=0.0764
  sample   2: s1=0.0579  s5=0.0815  s10=0.0890  s20=0.0504  s50=0.0771
  sample   3: s1=0.0576  s5=0.0678  s10=0.0501  s20=0.0541  s50=0.0528
  sample   4: s1=0.0555  s5=0.0427  s10=0.0536  s20=0.0323  s50=0.1059
  sample   5: s1=0.0981  s5=0.0962  s10=0.0837  s20=0.0573  s50=0.0960
  sample   6: s1=0.3642  s5=0.0466  s10=0.1143  s20=0.1178  s50=0.1224
  sample   7: s1=0.0644  s5=0.0401  s10=0.0685  s20=0.0931  s50=0.1007
  sample   8: s1=0.0593  s5=0.0764  s10=0.1918  s20=0.0508  s50=0.0436
  sample   9: s1=0.1964  s5=0.1719  s10=0.0717  s20=0.1186  s50=0.1747

Saved: Stride/results/stride_comparison_linear.txt
