Device     : cuda
Schedule   : cosine_s0001
Checkpoint : /root/NoiseSchedule/checkpoints_repaint_cosine_s0001/best_model_cosine_s0001.pt
Output dir : /root/NoiseSchedule/model_cosine_s0001_results
Loaded checkpoint (epoch 94), T=1000, schedule=cosine_s0001

[Run 1/10]  val sample=0, seed=1
  Saved: /root/NoiseSchedule/model_cosine_s0001_results/result_01.png  (RMSE=0.1523)

[Run 2/10]  val sample=1, seed=8
  Saved: /root/NoiseSchedule/model_cosine_s0001_results/result_02.png  (RMSE=0.1742)

[Run 3/10]  val sample=2, seed=15
  Saved: /root/NoiseSchedule/model_cosine_s0001_results/result_03.png  (RMSE=0.1540)

[Run 4/10]  val sample=3, seed=22
  Saved: /root/NoiseSchedule/model_cosine_s0001_results/result_04.png  (RMSE=0.0973)

[Run 5/10]  val sample=4, seed=29
  Saved: /root/NoiseSchedule/model_cosine_s0001_results/result_05.png  (RMSE=0.0764)

[Run 6/10]  val sample=5, seed=36
  Saved: /root/NoiseSchedule/model_cosine_s0001_results/result_06.png  (RMSE=0.1615)

[Run 7/10]  val sample=6, seed=43
  Saved: /root/NoiseSchedule/model_cosine_s0001_results/result_07.png  (RMSE=0.0764)

[Run 8/10]  val sample=7, seed=50
  Saved: /root/NoiseSchedule/model_cosine_s0001_results/result_08.png  (RMSE=0.1000)

[Run 9/10]  val sample=8, seed=57
  Saved: /root/NoiseSchedule/model_cosine_s0001_results/result_09.png  (RMSE=0.0646)

[Run 10/10]  val sample=9, seed=64
  Saved: /root/NoiseSchedule/model_cosine_s0001_results/result_10.png  (RMSE=0.1199)

All done.
RMSE per run : ['0.1523', '0.1742', '0.1540', '0.0973', '0.0764', '0.1615', '0.0764', '0.1000', '0.0646', '0.1199']
Mean RMSE    : 0.1177   Std: 0.0382
