Device     : cuda
Schedule   : linear
Checkpoint : /root/NoiseSchedule/checkpoints_repaint_linear/best_model_linear.pt
Output dir : /root/NoiseSchedule/model_linear_300_results
Loaded checkpoint (epoch 134), T=1000, schedule=linear

[Run 1/10]  val sample=0, seed=1
  Saved: /root/NoiseSchedule/model_linear_300_results/result_01.png  (RMSE=0.1141)

[Run 2/10]  val sample=1, seed=8
  Saved: /root/NoiseSchedule/model_linear_300_results/result_02.png  (RMSE=0.1208)

[Run 3/10]  val sample=2, seed=15
  Saved: /root/NoiseSchedule/model_linear_300_results/result_03.png  (RMSE=0.1837)

[Run 4/10]  val sample=3, seed=22
  Saved: /root/NoiseSchedule/model_linear_300_results/result_04.png  (RMSE=0.1487)

[Run 5/10]  val sample=4, seed=29
  Saved: /root/NoiseSchedule/model_linear_300_results/result_05.png  (RMSE=0.1241)

[Run 6/10]  val sample=5, seed=36
  Saved: /root/NoiseSchedule/model_linear_300_results/result_06.png  (RMSE=0.1799)

[Run 7/10]  val sample=6, seed=43
  Saved: /root/NoiseSchedule/model_linear_300_results/result_07.png  (RMSE=0.0984)

[Run 8/10]  val sample=7, seed=50
  Saved: /root/NoiseSchedule/model_linear_300_results/result_08.png  (RMSE=0.0746)

[Run 9/10]  val sample=8, seed=57
  Saved: /root/NoiseSchedule/model_linear_300_results/result_09.png  (RMSE=0.0551)

[Run 10/10]  val sample=9, seed=64
  Saved: /root/NoiseSchedule/model_linear_300_results/result_10.png  (RMSE=0.0934)

All done.
RMSE per run : ['0.1141', '0.1208', '0.1837', '0.1487', '0.1241', '0.1799', '0.0984', '0.0746', '0.0551', '0.0934']
Mean RMSE    : 0.1193   Std: 0.0400
