Device     : cuda
Schedule   : quadratic
Checkpoint : /root/NoiseSchedule/checkpoints_repaint_quadratic/best_model_quadratic.pt
Output dir : /root/NoiseSchedule/model_quadratic_results
Loaded checkpoint (epoch 89), T=1000, schedule=quadratic

[Run 1/10]  val sample=0, seed=1
  Saved: /root/NoiseSchedule/model_quadratic_results/result_01.png  (RMSE=0.1128)

[Run 2/10]  val sample=1, seed=8
  Saved: /root/NoiseSchedule/model_quadratic_results/result_02.png  (RMSE=0.0838)

[Run 3/10]  val sample=2, seed=15
  Saved: /root/NoiseSchedule/model_quadratic_results/result_03.png  (RMSE=0.1784)

[Run 4/10]  val sample=3, seed=22
  Saved: /root/NoiseSchedule/model_quadratic_results/result_04.png  (RMSE=0.1055)

[Run 5/10]  val sample=4, seed=29
  Saved: /root/NoiseSchedule/model_quadratic_results/result_05.png  (RMSE=0.1545)

[Run 6/10]  val sample=5, seed=36
  Saved: /root/NoiseSchedule/model_quadratic_results/result_06.png  (RMSE=0.0974)

[Run 7/10]  val sample=6, seed=43
  Saved: /root/NoiseSchedule/model_quadratic_results/result_07.png  (RMSE=0.0632)

[Run 8/10]  val sample=7, seed=50
  Saved: /root/NoiseSchedule/model_quadratic_results/result_08.png  (RMSE=0.1416)

[Run 9/10]  val sample=8, seed=57
  Saved: /root/NoiseSchedule/model_quadratic_results/result_09.png  (RMSE=0.1121)

[Run 10/10]  val sample=9, seed=64
  Saved: /root/NoiseSchedule/model_quadratic_results/result_10.png  (RMSE=0.0976)

All done.
RMSE per run : ['0.1128', '0.0838', '0.1784', '0.1055', '0.1545', '0.0974', '0.0632', '0.1416', '0.1121', '0.0976']
Mean RMSE    : 0.1147   Std: 0.0326
