Device     : cuda
Cond mode  : path
Checkpoint : /root/ocean_diffusion/Conditional DDPM/checkpoints_path/best_cond_ddpm_path_cosine.pt
Output dir : /root/ocean_diffusion/Conditional DDPM/results_path
Val set size: 1965  |  samples: [1663, 1598, 1246, 1000, 528, 80, 32, 603, 344, 147]
Loaded checkpoint  epoch=329  val_loss=0.00337
  [ 1/10]  sample=1663  seed=1  RMSE=0.1439
  [ 2/10]  sample=1598  seed=2  RMSE=0.1323
  [ 3/10]  sample=1246  seed=3  RMSE=0.1171
  [ 4/10]  sample=1000  seed=4  RMSE=0.0784
  [ 5/10]  sample=528  seed=5  RMSE=0.0488
  [ 6/10]  sample=80  seed=6  RMSE=0.0623
  [ 7/10]  sample=32  seed=7  RMSE=0.0772
  [ 8/10]  sample=603  seed=8  RMSE=0.0987
  [ 9/10]  sample=344  seed=9  RMSE=0.1456
  [10/10]  sample=147  seed=10  RMSE=0.1188

────────────────────────────────────────────────
  Mean RMSE : 0.1023  ±0.0327
────────────────────────────────────────────────

Plots saved to: /root/ocean_diffusion/Conditional DDPM/results_path
Summary bar chart: /root/ocean_diffusion/Conditional DDPM/results_path/rmse_summary.png
